***  Installation Started 11/16/2011 11:25  ***
Title:  P2FortsGate installation
Source: Y:\Documents\Finance\RTS\Plaza 2\P2_ClientGate1.12.7_32.exe | 11-16-2011 | 10:54:42 | 5037044
Made Dir: C:\Program Files\P2FORTSGate
File Copy: C:\Program Files\P2FORTSGate\LZO.dll | 11-14-2011 | 14:07:04 | | 106496 | 6491502b
File Copy: C:\Program Files\P2FORTSGate\P2DB.dll | 11-14-2011 | 14:07:04 | 1.99.189.2 | 139264 | 3fc90dcc
File Copy: C:\Program Files\P2FORTSGate\P2DBSQLite.dll | 11-14-2011 | 14:07:06 | 1.88.189.2 | 479232 | b7018e8e
File Copy: C:\Program Files\P2FORTSGate\P2DBSQLite3.dll | 11-14-2011 | 14:07:06 | 1.105.189.2 | 630784 | d8447398
File Copy: C:\Program Files\P2FORTSGate\P2Sys.dll | 11-14-2011 | 14:07:06 | 1.43.189.2 | 581632 | 299d6efe
File Copy: C:\Program Files\P2FORTSGate\P2SysExt.dll | 11-14-2011 | 14:07:06 | 1.34.189.2 | 286720 | 5dc95ba0
File Copy: C:\Program Files\P2FORTSGate\P2Tbl.dll | 11-14-2011 | 14:07:08 | 1.93.189.2 | 196608 | 9de07c95
File Copy: C:\Program Files\P2FORTSGate\sqlite2.ini | 05-25-2009 | 15:55:00 | | 51 | d076d0b9
File Copy: C:\Program Files\P2FORTSGate\sqlite3.ini | 05-25-2009 | 15:55:00 | | 51 | d076d0b9
File Copy: C:\Program Files\P2FORTSGate\version.txt | 11-14-2011 | 14:13:34 | | 68 | cd1b5601
File Copy: C:\Program Files\P2FORTSGate\MSVCP71.DLL | 03-21-2007 | 20:33:00 | 7.10.6030.0 | 503808 | 4029812e
File Copy: C:\Program Files\P2FORTSGate\MSVCR71.DLL | 03-21-2007 | 20:33:00 | 7.10.6030.0 | 348160 | f83ad7cd
Made Dir: C:\Program Files\P2FORTSGate\p2bin
File Copy: C:\Program Files\P2FORTSGate\p2bin\lzo.dll | 11-14-2011 | 14:07:04 | | 106496 | 6491502b
File Copy: C:\Program Files\P2FORTSGate\p2bin\P2DB.dll | 11-14-2011 | 14:07:04 | 1.99.189.2 | 139264 | 3fc90dcc
File Copy: C:\Program Files\P2FORTSGate\p2bin\P2DBSQLite.dll | 11-14-2011 | 14:07:06 | 1.88.189.2 | 479232 | b7018e8e
File Copy: C:\Program Files\P2FORTSGate\p2bin\P2DBSQLite3.dll | 11-14-2011 | 14:07:06 | 1.105.189.2 | 630784 | d8447398
File Copy: C:\Program Files\P2FORTSGate\p2bin\P2Sys.dll | 11-14-2011 | 14:07:06 | 1.43.189.2 | 581632 | 299d6efe
File Copy: C:\Program Files\P2FORTSGate\p2bin\P2SysExt.dll | 11-14-2011 | 14:07:06 | 1.34.189.2 | 286720 | 5dc95ba0
File Copy: C:\Program Files\P2FORTSGate\p2bin\P2Tbl.dll | 11-14-2011 | 14:07:08 | 1.93.189.2 | 196608 | 9de07c95
File Copy: C:\Program Files\P2FORTSGate\client_router.ini | 02-08-2011 | 11:37:44 | | 1993 | a121ee65
File Copy: C:\Program Files\P2FORTSGate\register_dll.cmd | 04-20-2010 | 11:01:02 | | 25 | 12d5f048
File Copy: C:\Program Files\P2FORTSGate\register_MTA_dll.cmd | 04-20-2010 | 11:01:06 | | 28 | 1737826c
File Copy: C:\Program Files\P2FORTSGate\P2ClientGate.dll | 11-14-2011 | 14:08:22 | 1.128.189.2 | 483328 | 66433e85
File Copy: C:\Program Files\P2FORTSGate\P2ClientGateMTA.dll | 11-14-2011 | 14:08:24 | 1.128.189.2 | 471040 | 576946d9
File Copy: C:\Program Files\P2FORTSGate\P2DBODBC.dll | 11-14-2011 | 14:08:24 | 1.105.189.2 | 212992 | 504a1705
File Copy: C:\Program Files\P2FORTSGate\P2ReplClient.dll | 11-14-2011 | 14:08:24 | 1.130.189.2 | 360448 | a5b9e341
File Copy: C:\Program Files\P2FORTSGate\P2ClientGate.ini | 03-09-2010 | 11:59:54 | | 1028 | 42f67d1d
Made Dir: C:\Program Files\P2FORTSGate\Scheme
File Copy: C:\Program Files\P2FORTSGate\Scheme\clr.ini | 11-14-2011 | 14:08:50 | | 3291 | 78012f7c
File Copy: C:\Program Files\P2FORTSGate\Scheme\cl_money.ini | 11-14-2011 | 14:08:50 | | 928 | 4bb20b65
File Copy: C:\Program Files\P2FORTSGate\Scheme\forts_scheme.ini | 11-14-2011 | 14:08:50 | | 41702 | b165f58
File Copy: C:\Program Files\P2FORTSGate\Scheme\fut_common.ini | 11-14-2011 | 14:08:50 | | 1312 | 5b64c0d4
File Copy: C:\Program Files\P2FORTSGate\Scheme\fut_info.ini | 11-14-2011 | 14:08:50 | | 9466 | e384d1f9
File Copy: C:\Program Files\P2FORTSGate\Scheme\fut_trades.ini | 11-14-2011 | 14:08:50 | | 4437 | 7b1dd687
File Copy: C:\Program Files\P2FORTSGate\Scheme\fut_userdeal.ini | 11-14-2011 | 14:08:50 | | 1318 | 4d8fe119
File Copy: C:\Program Files\P2FORTSGate\Scheme\info.ini | 11-14-2011 | 14:08:52 | | 3819 | b7fdc100
File Copy: C:\Program Files\P2FORTSGate\Scheme\misc_info.ini | 11-14-2011 | 14:08:52 | | 845 | 4894df04
File Copy: C:\Program Files\P2FORTSGate\Scheme\mm.ini | 11-14-2011 | 14:08:52 | | 1787 | e4c6eb6d
File Copy: C:\Program Files\P2FORTSGate\Scheme\opt_common.ini | 11-14-2011 | 14:08:52 | | 1291 | b31eab05
File Copy: C:\Program Files\P2FORTSGate\Scheme\opt_info.ini | 11-14-2011 | 14:08:52 | | 4166 | fb5b4ef
File Copy: C:\Program Files\P2FORTSGate\Scheme\opt_trades.ini | 11-14-2011 | 14:08:52 | | 2707 | 4f5b339d
File Copy: C:\Program Files\P2FORTSGate\Scheme\opt_userdeal.ini | 11-14-2011 | 14:08:52 | | 1280 | beb139e
File Copy: C:\Program Files\P2FORTSGate\Scheme\orderbook.ini | 11-14-2011 | 14:08:52 | | 1399 | ed63dd96
File Copy: C:\Program Files\P2FORTSGate\Scheme\orders_aggr.ini | 11-14-2011 | 14:08:52 | | 751 | 8e9a7e43
File Copy: C:\Program Files\P2FORTSGate\Scheme\p2fortsgate_messages.ini | 11-14-2011 | 14:08:54 | | 11752 | 46a9bcc9
File Copy: C:\Program Files\P2FORTSGate\Scheme\part.ini | 11-14-2011 | 14:08:54 | | 1688 | 4877ace
File Copy: C:\Program Files\P2FORTSGate\Scheme\pos.ini | 11-14-2011 | 14:08:54 | | 1196 | 5ee0ffc
File Copy: C:\Program Files\P2FORTSGate\Scheme\rts_index.ini | 11-14-2011 | 14:08:54 | | 886 | 2cae529
File Copy: C:\Program Files\P2FORTSGate\Scheme\rts_indexlog.ini | 11-14-2011 | 14:08:54 | | 922 | 76e707b3
File Copy: C:\Program Files\P2FORTSGate\Scheme\vm.ini | 11-14-2011 | 14:08:54 | | 1152 | 4c4872ac
File Copy: C:\Program Files\P2FORTSGate\Scheme\volat.ini | 11-14-2011 | 14:08:54 | | 767 | 920b8c55
File Copy: C:\Program Files\P2FORTSGate\p2bin\P2ReplClient.dll | 11-14-2011 | 14:08:24 | 1.130.189.2 | 360448 | a5b9e341
File Copy: C:\Program Files\P2FORTSGate\P2ClientGate.doc | 05-03-2011 | 15:22:00 | | 500224 | da5bfecb
File Copy: C:\Program Files\P2FORTSGate\p2gate_ru.pdf | 11-14-2011 | 14:09:50 | | 1298826 | 6ccf9d8d
File Copy: C:\Program Files\P2FORTSGate\CLIENT_router_trace.ini | 07-22-2010 | 15:15:20 | | 8975 | 4793ade0
File Copy: C:\Program Files\P2FORTSGate\P2Crypt.dll | 11-14-2011 | 14:08:04 | 1.39.189.2 | 294912 | f46de9df
File Copy: C:\Program Files\P2FORTSGate\P2MQLocPwdsUtil.exe | 11-14-2011 | 14:08:04 | 1.32.189.2 | 159744 | 6387e734
File Copy: C:\Program Files\P2FORTSGate\P2MQRouter.exe | 11-14-2011 | 14:08:04 | 1.207.189.2 | 618496 | 4725f46a
File Copy: C:\Program Files\P2FORTSGate\start_router.cmd | 01-18-2010 | 16:00:32 | | 51 | 1fb05660
File Copy: C:\Program Files\P2FORTSGate\P2SimpleGate2Client.exe | 12-16-2009 | 17:21:30 | 1.0.3637.31243 | 20480 | 60dfd89a
File Copy: C:\Program Files\P2FORTSGate\P2SimpleReplClient_trace.ini | 07-13-2010 | 12:25:28 | | 5234 | b7cc6dc8
File Copy: C:\Program Files\P2FORTSGate\SimpleSend.bat | 06-23-2009 | 12:47:04 | | 26 | 29e17350
File Copy: C:\Program Files\P2FORTSGate\SimpleSend.js | 05-03-2011 | 16:16:32 | | 1959 | 50fbc69c
Made Dir: C:\Program Files\P2FORTSGate\log
File Overwrite: C:\Program Files\P2FORTSGate\version.txt | 11-14-2011 | 14:13:34 | | 68 | cd1b5601
File Copy: C:\Program Files\P2FORTSGate\p2bin\P2ReplServer.dll | 11-14-2011 | 14:10:14 | 1.232.189.2 | 385024 | a7be0ffd
File Overwrite: C:\Program Files\P2FORTSGate\p2bin\P2ReplClient.dll | 11-14-2011 | 14:10:12 | 1.130.189.2 | 360448 | a5b9e341
File Copy: C:\Program Files\P2FORTSGate\p2bin\P2ReplISAMCache.dll | 11-14-2011 | 14:10:14 | 1.102.189.2 | 184320 | e277b373
File Copy: C:\Program Files\P2FORTSGate\p2bin\P2FORTSCommonVolat.exe | 10-27-2011 | 15:26:16 | 1.42.189.0 | 229376 | 432042d
File Copy: C:\Program Files\P2FORTSGate\p2bin\P2ReplInter.exe | 11-14-2011 | 14:10:14 | 1.153.189.2 | 229376 | 225b1698
File Copy: C:\Program Files\P2FORTSGate\p2bin\P2ACLReplClient.dll | 11-14-2011 | 14:10:12 | 1.30.189.2 | 139264 | 945cd6c9
Made Dir: C:\Program Files\P2FORTSGate\volatvmsrv
File Copy: C:\Program Files\P2FORTSGate\volatvmsrv\forts_volatvm.ini | 06-05-2010 | 15:18:06 | | 8727 | 543e41a6
File Overwrite: C:\Program Files\P2FORTSGate\volatvmsrv\forts_volatvm.ini | 06-05-2010 | 15:18:06 | | 8727 | 543e41a6
File Copy: C:\Program Files\P2FORTSGate\volatvmsrv\local_inter.ini | 08-01-2011 | 15:00:52 | | 1408 | 9a084df7
File Copy: C:\Program Files\P2FORTSGate\volatvmsrv\local_inter_trace.ini | 03-02-2010 | 22:21:44 | | 5263 | 9c6de09b
File Copy: C:\Program Files\P2FORTSGate\volatvmsrv\createdb.cmd | 04-23-2010 | 11:53:36 | | 13 | 967c376
File Overwrite: C:\Program Files\P2FORTSGate\client_router.ini | 02-08-2011 | 11:43:06 | | 3418 | e8882a10
INI File: C:\Program Files\P2FORTSGate\client_router.ini
INI Sect: P2MqSvcInfo
INI Item: FORTS_OPTINFO_REPL
INI Val: USERNAMEe.l_i
INI Old: USERNAME.l_i
INI File: C:\Program Files\P2FORTSGate\client_router.ini
INI Sect: P2MqSvcInfo
INI Item: FORTS_FUTINFO_REPL
INI Val: USERNAMEe.l_i
INI Old: USERNAME.l_i
INI File: C:\Program Files\P2FORTSGate\client_router.ini
INI Sect: P2MqSvcInfo
INI Item: FORTS_POS_REPL
INI Val: USERNAMEe.l_i
INI Old: USERNAME.l_i
INI File: C:\Program Files\P2FORTSGate\client_router.ini
INI Sect: P2MqSvcInfo
INI Item: FORTS_FUTCOMMON_REPL
INI Val: USERNAMEe.l_i
INI Old: USERNAME.l_i
INI File: C:\Program Files\P2FORTSGate\client_router.ini
INI Sect: P2MqSvcInfo
INI Item: FORTS_OPTCOMMON_REPL
INI Val: USERNAMEe.l_i
INI Old: USERNAME.l_i
INI File: C:\Program Files\P2FORTSGate\client_router.ini
INI Sect: P2MqSvcInfo
INI Item: FORTS_VOLAT_REPL
INI Val: USERNAMEe.vvm_svc
INI Old: USERNAME.vvm_svc
INI File: C:\Program Files\P2FORTSGate\client_router.ini
INI Sect: P2MqSvcInfo
INI Item: FORTS_VM_REPL
INI Val: USERNAMEe.vvm_svc
INI Old: USERNAME.vvm_svc
INI File: C:\Program Files\P2FORTSGate\client_router.ini
INI Sect: ProgMon:local_inter
INI Item: PATH
INI Val: C:\Program Files\P2FORTSGate\p2bin;%PATH%
INI Old: C:\Program Files\P2FORTSGate\p2bin;%PATH%
INI File: C:\Program Files\P2FORTSGate\client_router.ini
INI Sect: ProgMon:local_inter
INI Item: COMMANDLINE
INI Val: C:\Program Files\P2FORTSGate\p2bin\p2replinter.exe "/ini:C:\Program Files\P2FORTSGate\volatvmsrv\local_inter.ini"
INI Old: C:\Program Files\P2FORTSGate\p2bin\p2replinter.exe "/ini:C:\Program Files\P2FORTSGate\volatvmsrv\local_inter.ini"
INI File: C:\Program Files\P2FORTSGate\client_router.ini
INI Sect: ProgMon:local_inter
INI Item: currentdir
INI Val: C:\Program Files\P2FORTSGate\volatvmsrv\
INI Old: C:\Program Files\P2FORTSGate\volatvmsrv\
INI File: C:\Program Files\P2FORTSGate\client_router.ini
INI Sect: ProgMon:local_inter
INI Item: exitevent
INI Val: 1 
INI Old: 1
INI File: C:\Program Files\P2FORTSGate\client_router.ini
INI Sect: ProgMon:volatvmsrv
INI Item: PATH
INI Val: C:\Program Files\P2FORTSGate\p2bin;%PATH%
INI Old: C:\Program Files\P2FORTSGate\p2bin;%PATH%
INI File: C:\Program Files\P2FORTSGate\client_router.ini
INI Sect: ProgMon:volatvmsrv
INI Item: COMMANDLINE
INI Val: C:\Program Files\P2FORTSGate\p2bin\P2FORTSCommonVolat.exe "/ini:C:\Program Files\P2FORTSGate\volatvmsrv\forts_volatvm.ini"
INI Old: C:\Program Files\P2FORTSGate\p2bin\P2FORTSCommonVolat.exe "/ini:C:\Program Files\P2FORTSGate\volatvmsrv\forts_volatvm.ini"
INI File: C:\Program Files\P2FORTSGate\client_router.ini
INI Sect: ProgMon:volatvmsrv
INI Item: currentdir
INI Val: C:\Program Files\P2FORTSGate\volatvmsrv\
INI Old: C:\Program Files\P2FORTSGate\volatvmsrv\
INI File: C:\Program Files\P2FORTSGate\client_router.ini
INI Sect: ProgMon:volatvmsrv
INI Item: exitevent
INI Val: 1 
INI Old: 1
File Copy: C:\Program Files\P2FORTSGate\volatvmsrv\opt_volat_trace_mini.ini | 03-02-2010 | 22:41:42 | | 11290 | 57e98dcd
File Copy: C:\Program Files\P2FORTSGate\p2dbodbc.ini | 07-10-2007 | 16:01:58 | | 7403 | fefee152
File Copy: C:\Program Files\P2FORTSGate\p2bin\P2Crypt.dll | 11-14-2011 | 14:08:04 | 1.39.189.2 | 294912 | f46de9df
File Copy: C:\Program Files\P2FORTSGate\p2bin\P2MQRouter.exe | 11-14-2011 | 14:08:04 | 1.207.189.2 | 618496 | 4725f46a
File Copy: C:\Program Files\P2FORTSGate\p2bin\P2MQLocPwdsUtil.exe | 11-14-2011 | 14:08:04 | 1.32.189.2 | 159744 | 6387e734
INI File: C:\Program Files\P2FORTSGate\volatvmsrv\forts_volatvm.ini
INI Sect: dbscheme:replvolat
INI Item: lifenumber
INI Val: 1
INI Old: 1
INI File: C:\Program Files\P2FORTSGate\volatvmsrv\forts_volatvm.ini
INI Sect: dbscheme:vm_out_db
INI Item: lifenumber
INI Val: 1
INI Old: 1
INI File: C:\Program Files\P2FORTSGate\volatvmsrv\forts_volatvm.ini
INI Sect: options:app
INI Item: recalc_timeout 
INI Val:  30000
INI Old: 30000
INI File: C:\Program Files\P2FORTSGate\volatvmsrv\forts_volatvm.ini
INI Sect: options:app
INI Item: recalc_vm_timeout 
INI Val:  30000
INI Old: 30000
INI File: C:\Program Files\P2FORTSGate\client_router.ini
INI Sect: AS:NS
INI Item: USERNAME
INI Val: USERNAMEe
INI Old: USERNAME
INI File: C:\Program Files\P2FORTSGate\client_router.ini
INI Sect: AS:NS
INI Item: PASSWORD
INI Val: aaaaa
INI Old: PASSWORD
File Copy: C:\Program Files\P2FORTSGate\UNWISE.EXE | 11-21-2007 | 04:38:04 | 10.3.0.250 | 161344 | 9a3331d4
RegDB Key: Software\Microsoft\Windows\CurrentVersion\Uninstall\P2FortsGate installation
RegDB Val: P2FortsGate installation
RegDB Name: DisplayName
RegDB Root: 2
RegDB Old: P2FortsGate installation
RegDB Key: Software\Microsoft\Windows\CurrentVersion\Uninstall\P2FortsGate installation
RegDB Val: C:\PROGRA~1\P2FORT~1\UNWISE.EXE C:\PROGRA~1\P2FORT~1\INSTALL.LOG
RegDB Name: UninstallString
RegDB Root: 2
RegDB Old: C:\PROGRA~1\P2FORT~1\UNWISE.EXE C:\PROGRA~1\P2FORT~1\INSTALL.LOG
INI New: Created INI
INI File: C:\Program Files\P2FORTSGate\install.ini
INI Sect: INSTALL
INI Item: type
INI Val: FULL
Self-Register: C:\Program Files\P2FORTSGate\P2ClientGate.dll
User Rights: Admin
